Warning: You are sending unauthenticated requests to the HF Hub. Please set a HF_TOKEN to enable higher rate limits and faster downloads.
Tokenization OK: 163 stimuli, all targets single-token.
[transformers] `torch_dtype` is deprecated! Use `dtype` instead!
Loading weights:   0%|          | 0/311 [00:00<?, ?it/s]Loading weights:   5%|▍         | 14/311 [00:00<00:02, 132.39it/s]Loading weights:  23%|██▎       | 71/311 [00:00<00:00, 376.57it/s]Loading weights:  35%|███▌      | 109/311 [00:00<00:00, 347.81it/s]Loading weights:  51%|█████▏    | 160/311 [00:00<00:00, 397.24it/s]Loading weights:  65%|██████▍   | 201/311 [00:00<00:00, 323.49it/s]Loading weights:  84%|████████▎ | 260/311 [00:00<00:00, 385.80it/s]Loading weights:  97%|█████████▋| 301/311 [00:00<00:00, 383.76it/s]Loading weights: 100%|██████████| 311/311 [00:00<00:00, 375.59it/s]
done:         capital_fr / straightforward top1=' Paris'
done:         capital_fr / false_lead      top1=' Paris'
done:         capital_jp / straightforward top1=' Tokyo'
done:         capital_jp / false_lead      top1=' in'
done:        legs_spider / straightforward top1=' eight'
done:        legs_spider / false_lead      top1=' a'
done:           gp_horse / straightforward top1=' horse'
done:           gp_horse / false_lead      top1=' horse'
done: hard_ctrl_currency / hard_control    top1=' euro'
done:         capital_uk / straightforward top1=' London'
done:         capital_uk / false_lead      top1=' the'
done:         capital_au / straightforward top1=' Canberra'
done:         capital_au / false_lead      top1=' Sydney'
done:         capital_de / straightforward top1=' Berlin'
done:         capital_de / false_lead      top1=' Munich'
done:      ocean_largest / straightforward top1=' Pacific'
done:      ocean_largest / false_lead      top1=' Pacific'
done:           gp_sheep / straightforward top1=' the'
done:           gp_sheep / false_lead      top1=' the'
done:             gp_boy / straightforward top1=' boy'
done:             gp_boy / false_lead      top1=' boy'
done:         capital_cl / straightforward top1=' Santiago'
done:         capital_cl / false_lead      top1=' Lima'
done:         capital_eg / straightforward top1=' Cairo'
done:         capital_eg / false_lead      top1=' not'
done:         capital_in / straightforward top1=' New'
done:         capital_in / false_lead      top1=' Mumbai'
done:         capital_mx / straightforward top1=' Mexico'
done:         capital_mx / false_lead      top1=' in'
done:     planet_largest / straightforward top1=' Jupiter'
done:     planet_largest / false_lead      top1=' the'
done:   element_lightest / straightforward top1=' hydrogen'
done:   element_lightest / false_lead      top1=' hydrogen'
done:             gp_cat / straightforward top1=' cat'
done:             gp_cat / false_lead      top1=' cat'
done:          gp_flower / straightforward top1=' flower'
done:          gp_flower / false_lead      top1=' flower'
done: hard_ctrl_president / hard_control    top1=' George'
done: hard_ctrl_painting / hard_control    top1=' Leonardo'
done:             gp_dog / straightforward top1=' dog'
done:             gp_dog / false_lead      top1=' dog'
done:            gp_tree / straightforward top1=' tree'
done:            gp_tree / false_lead      top1=' tree'
done:            gp_book / straightforward top1=' book'
done:            gp_book / false_lead      top1=' book'
done:          gp_letter / straightforward top1=' letter'
done:          gp_letter / false_lead      top1=' letter'
done:         gp_package / straightforward top1=' package'
done:         gp_package / false_lead      top1=' package'
done:        gp_painting / straightforward top1=' painting'
done:        gp_painting / false_lead      top1=' painting'
done:           gp_watch / straightforward top1=' watch'
done:           gp_watch / false_lead      top1=' watch'
done:         capital_sp / straightforward top1=' Madrid'
done:         capital_sp / false_lead      top1=' located'
done:         capital_gr / straightforward top1=' Athens'
done:         capital_gr / false_lead      top1=' located'
done:         capital_pt / straightforward top1=' Lisbon'
done:         capital_pt / false_lead      top1=' in'
done:         capital_ch / straightforward top1=' Bern'
done:         capital_ch / false_lead      top1=' located'
done:         capital_be / straightforward top1=' Brussels'
done:         capital_be / false_lead      top1=' Brussels'
done:         capital_nl / straightforward top1=' Amsterdam'
done:         capital_nl / false_lead      top1=' located'
done:         capital_se / straightforward top1=' Stockholm'
done:         capital_se / false_lead      top1=' actually'
done:         capital_no / straightforward top1=' Oslo'
done:         capital_no / false_lead      top1=' Oslo'
done:         capital_dk / straightforward top1=' Copenhagen'
done:         capital_dk / false_lead      top1=' actually'
done:         capital_cz / straightforward top1=' Prague'
done:         capital_cz / false_lead      top1=' Prague'
done:         capital_pl / straightforward top1=' Warsaw'
done:         capital_pl / false_lead      top1=' in'
done:            gp_book / straightforward top1="'s"
done:            gp_book / false_lead      top1=' books'
done:           gp_prize / straightforward top1=' that'
done:           gp_prize / false_lead      top1=' he'
done:           gp_bread / straightforward top1=' of'
done:           gp_bread / false_lead      top1=' that'
done:         gp_student / straightforward top1=' who'
done:         gp_student / false_lead      top1=' who'
done:        gp_painting / straightforward top1=' that'
done:        gp_painting / false_lead      top1=' that'
done:          gp_letter / straightforward top1='ed'
done:          gp_letter / false_lead      top1=' to'
done:            gp_poem / straightforward top1=' of'
done:            gp_poem / false_lead      top1='.'
done:            gp_song / straightforward top1=' of'
done:            gp_song / false_lead      top1='less'
done:             gp_car / straightforward top1=' that'
done:             gp_car / false_lead      top1='.'
done:           gp_house / straightforward top1=' A'
done:           gp_house / false_lead      top1='.'
done:          gp_flower / straightforward top1=' that'
done:          gp_flower / false_lead      top1=' that'
done:           gp_dress / straightforward top1=' of'
done:           gp_dress / false_lead      top1=' of'
done:           gp_watch / straightforward top1=' watch'
done:           gp_watch / false_lead      top1=' watch'
done:         gp_picture / straightforward top1=' of'
done:         gp_picture / false_lead      top1=' of'
done:           gp_story / straightforward top1=' of'
done:           gp_story / false_lead      top1=' of'
done:            gp_door / straightforward top1=' number'
done:            gp_door / false_lead      top1='.'
done:            arith_a / straightforward top1=' '
done:            arith_a / false_lead      top1=' '
done:            arith_b / straightforward top1=' nine'
done:            arith_b / false_lead      top1=' '
done:            arith_c / straightforward top1=' '
done:            arith_c / false_lead      top1=' '
done:            arith_d / straightforward top1=' '
done:            arith_d / false_lead      top1=' '
done:            arith_e / straightforward top1=' '
done:            arith_e / false_lead      top1=' '
done:            arith_f / straightforward top1=' eight'
done:            arith_f / false_lead      top1=' '
done:            arith_g / straightforward top1=' '
done:            arith_g / false_lead      top1=' '
done:            arith_h / straightforward top1=' eight'
done:            arith_h / false_lead      top1=' '
done:            arith_i / straightforward top1=' '
done:            arith_i / false_lead      top1=' '
done:            arith_j / straightforward top1=' '
done:            arith_j / false_lead      top1=' '
done:            arith_k / straightforward top1=' eight'
done:            arith_k / false_lead      top1=' '
done:            arith_l / straightforward top1=' '
done:            arith_l / false_lead      top1=' '
done:            arith_m / straightforward top1=' '
done:            arith_m / false_lead      top1=' '
done:            arith_n / straightforward top1=' '
done:            arith_n / false_lead      top1=' '
done:            arith_o / straightforward top1=' '
done:            arith_o / false_lead      top1=' '
done:            arith_p / straightforward top1=' '
done:            arith_p / false_lead      top1=' '
done:            arith_q / straightforward top1=' '
done:            arith_q / false_lead      top1=' '
done:            arith_r / straightforward top1=' '
done:            arith_r / false_lead      top1=' '
done:            arith_s / straightforward top1=' '
done:            arith_s / false_lead      top1=' '
done:            arith_t / straightforward top1=' '
done:            arith_t / false_lead      top1=' '
done:            arith_u / straightforward top1=' '
done:            arith_u / false_lead      top1=' '
done:            arith_v / straightforward top1=' '
done:            arith_v / false_lead      top1=' '
done:            arith_w / straightforward top1=' '
done:            arith_w / false_lead      top1=' '
done:            arith_x / straightforward top1=' '
done:            arith_x / false_lead      top1=' '
done:            arith_y / straightforward top1=' '
done:            arith_y / false_lead      top1=' '
done:            arith_z / straightforward top1=' '
done:            arith_z / false_lead      top1=' '
done:          arith_x26 / straightforward top1=' '
done:          arith_x26 / false_lead      top1=' '
done:          arith_x27 / straightforward top1=' '
done:          arith_x27 / false_lead      top1=' '

Wrote 163 traces -> out/traces.json
